2025-05-07 17:52:30,517 - INFO - 🌐 Navigated to Facebook Messenger
2025-05-07 17:52:30,517 - INFO - 📱 Please log in manually...
2025-05-07 17:52:30,517 - INFO - Waiting for chat list to load...
2025-05-07 17:52:58,665 - INFO - 🔍 Chat list loaded. Starting deletion process...
2025-05-07 17:52:58,665 - INFO - Attempting to delete first available chat...
2025-05-07 17:53:06,899 - ERROR - Failed to dismiss confirmation dialog
2025-05-07 17:53:06,915 - WARNING - Failed attempt 1. Retrying...
2025-05-07 17:53:07,916 - INFO - Attempting to delete first available chat...
2025-05-07 17:53:14,089 - INFO - ✅ Successfully deleted a chat
2025-05-07 17:53:14,089 - INFO - Deleted 1 chats so far
2025-05-07 17:53:16,090 - INFO - Attempting to delete first available chat...
2025-05-07 17:53:22,241 - INFO - ✅ Successfully deleted a chat
2025-05-07 17:53:22,241 - INFO - Deleted 2 chats so far
2025-05-07 17:53:24,241 - INFO - Attempting to delete first available chat...
2025-05-07 17:53:29,388 - ERROR - Could not find or click Delete Chat option
2025-05-07 17:53:29,395 - WARNING - Failed attempt 4. Retrying...
2025-05-07 17:53:30,396 - INFO - Attempting to delete first available chat...
2025-05-07 17:53:36,593 - INFO - ✅ Successfully deleted a chat
2025-05-07 17:53:36,593 - INFO - Deleted 3 chats so far
2025-05-07 17:53:38,594 - INFO - Attempting to delete first available chat...
2025-05-07 17:53:44,744 - INFO - ✅ Successfully deleted a chat
2025-05-07 17:53:44,744 - INFO - Deleted 4 chats so far
2025-05-07 17:53:46,745 - INFO - Attempting to delete first available chat...
2025-05-07 17:53:52,922 - INFO - ✅ Successfully deleted a chat
2025-05-07 17:53:52,922 - INFO - Deleted 5 chats so far
2025-05-07 17:53:54,923 - INFO - Attempting to delete first available chat...
2025-05-07 17:54:03,105 - ERROR - Failed to dismiss confirmation dialog
2025-05-07 17:54:03,110 - WARNING - Failed attempt 8. Retrying...
2025-05-07 17:54:04,111 - INFO - Attempting to delete first available chat...
2025-05-07 17:54:10,290 - INFO - ✅ Successfully deleted a chat
2025-05-07 17:54:10,291 - INFO - Deleted 6 chats so far
2025-05-07 17:54:12,291 - INFO - Attempting to delete first available chat...
2025-05-07 17:54:20,561 - ERROR - Failed to dismiss confirmation dialog
2025-05-07 17:54:20,566 - WARNING - Failed attempt 10. Retrying...
2025-05-07 17:54:21,567 - INFO - Attempting to delete first available chat...
2025-05-07 17:54:29,753 - ERROR - Failed to dismiss confirmation dialog
2025-05-07 17:54:29,758 - WARNING - Failed attempt 11. Retrying...
2025-05-07 17:54:30,759 - INFO - Attempting to delete first available chat...
2025-05-07 17:54:38,919 - ERROR - Failed to dismiss confirmation dialog
2025-05-07 17:54:38,928 - WARNING - Failed attempt 12. Retrying...
2025-05-07 17:54:39,929 - INFO - Three consecutive failures. Refreshing page...
2025-05-07 17:54:42,646 - INFO - Waiting for chat list to load...
2025-05-07 17:54:43,527 - INFO - Attempting to delete first available chat...
2025-05-07 17:54:53,157 - ERROR - Failed to dismiss confirmation dialog
2025-05-07 17:54:53,162 - WARNING - Failed attempt 13. Retrying...
2025-05-07 17:54:54,163 - INFO - Attempting to delete first available chat...
2025-05-07 17:55:02,421 - ERROR - Failed to dismiss confirmation dialog
2025-05-07 17:55:02,426 - WARNING - Failed attempt 14. Retrying...
2025-05-07 17:55:03,427 - INFO - Attempting to delete first available chat...
2025-05-07 17:55:11,646 - ERROR - Failed to dismiss confirmation dialog
2025-05-07 17:55:11,651 - WARNING - Failed attempt 15. Retrying...
2025-05-07 17:55:12,651 - INFO - Three consecutive failures. Refreshing page...
2025-05-07 17:55:14,956 - INFO - Waiting for chat list to load...
2025-05-07 17:55:15,853 - INFO - Attempting to delete first available chat...
2025-05-07 17:55:24,822 - ERROR - Failed to dismiss confirmation dialog
2025-05-07 17:55:24,828 - WARNING - Failed attempt 16. Retrying...
2025-05-07 17:55:25,829 - INFO - Attempting to delete first available chat...
2025-05-07 17:55:32,037 - INFO - ✅ Successfully deleted a chat
2025-05-07 17:55:32,038 - INFO - Deleted 7 chats so far
2025-05-07 17:55:34,038 - INFO - Attempting to delete first available chat...
2025-05-07 17:55:39,268 - ERROR - Could not find or click Delete Chat option
2025-05-07 17:55:39,276 - WARNING - Failed attempt 18. Retrying...
2025-05-07 17:55:40,276 - INFO - Attempting to delete first available chat...
2025-05-07 17:55:45,397 - ERROR - Could not find or click Delete Chat option
2025-05-07 17:55:45,404 - WARNING - Failed attempt 19. Retrying...
2025-05-07 17:55:46,405 - INFO - Attempting to delete first available chat...
2025-05-07 17:55:51,519 - ERROR - Could not find or click Delete Chat option
2025-05-07 17:55:51,531 - WARNING - Failed attempt 20. Retrying...
2025-05-07 17:55:52,531 - INFO - Three consecutive failures. Refreshing page...
2025-05-07 17:55:57,260 - INFO - Waiting for chat list to load...
2025-05-07 17:55:58,059 - INFO - Attempting to delete first available chat...
2025-05-07 17:56:04,597 - ERROR - Could not find or click Delete Chat option
2025-05-07 17:56:04,605 - WARNING - Failed attempt 21. Retrying...
2025-05-07 17:56:05,605 - INFO - Attempting to delete first available chat...
2025-05-07 17:56:10,735 - ERROR - Could not find or click Delete Chat option
2025-05-07 17:56:10,736 - ERROR - ❌ Error: Message: invalid session id: session deleted as the browser has closed the connection
from disconnected: not connected to DevTools
  (Session info: chrome=135.0.7049.117)
Stacktrace:
	GetHandleVerifier [0x00007FF6C1ADEFA5+77893]
	GetHandleVerifier [0x00007FF6C1ADF000+77984]
	(No symbol) [0x00007FF6C18A91BA]
	(No symbol) [0x00007FF6C1894F15]
	(No symbol) [0x00007FF6C18B9F04]
	(No symbol) [0x00007FF6C192EACF]
	(No symbol) [0x00007FF6C194E972]
	(No symbol) [0x00007FF6C1926F03]
	(No symbol) [0x00007FF6C18F0328]
	(No symbol) [0x00007FF6C18F1093]
	GetHandleVerifier [0x00007FF6C1D97B6D+2931725]
	GetHandleVerifier [0x00007FF6C1D92132+2908626]
	GetHandleVerifier [0x00007FF6C1DB00F3+3031443]
	GetHandleVerifier [0x00007FF6C1AF91EA+184970]
	GetHandleVerifier [0x00007FF6C1B0086F+215311]
	GetHandleVerifier [0x00007FF6C1AE6EC4+110436]
	GetHandleVerifier [0x00007FF6C1AE7072+110866]
	GetHandleVerifier [0x00007FF6C1ACD479+5401]
	BaseThreadInitThunk [0x00007FFFF8D5E8D7+23]
	RtlUserThreadStart [0x00007FFFFAC314FC+44]

2025-05-07 17:56:10,738 - ERROR - ❌ Fatal error: Message: invalid session id
Stacktrace:
	GetHandleVerifier [0x00007FF6C1ADEFA5+77893]
	GetHandleVerifier [0x00007FF6C1ADF000+77984]
	(No symbol) [0x00007FF6C18A8FEC]
	(No symbol) [0x00007FF6C18EF44F]
	(No symbol) [0x00007FF6C1926FF2]
	(No symbol) [0x00007FF6C1921A02]
	(No symbol) [0x00007FF6C1920AC9]
	(No symbol) [0x00007FF6C1875AB5]
	GetHandleVerifier [0x00007FF6C1D97B6D+2931725]
	GetHandleVerifier [0x00007FF6C1D92132+2908626]
	GetHandleVerifier [0x00007FF6C1DB00F3+3031443]
	GetHandleVerifier [0x00007FF6C1AF91EA+184970]
	GetHandleVerifier [0x00007FF6C1B0086F+215311]
	(No symbol) [0x00007FF6C1874B2C]
	GetHandleVerifier [0x00007FF6C1EA2518+4023736]
	BaseThreadInitThunk [0x00007FFFF8D5E8D7+23]
	RtlUserThreadStart [0x00007FFFFAC314FC+44]

