2025-05-07 18:02:33,756 - INFO - 🌐 Navigated to Facebook Messenger
2025-05-07 18:02:33,756 - INFO - 📱 Please log in manually...
2025-05-07 18:02:33,756 - INFO - Waiting for chat list to load...
2025-05-07 18:03:02,464 - INFO - 🔍 Chat list loaded. Starting deletion process...
2025-05-07 18:03:02,465 - INFO - Attempting to delete first available chat...
2025-05-07 18:03:07,728 - ERROR - Could not find or click Delete Chat option
2025-05-07 18:03:07,734 - WARNING - Failed attempt 1. Retrying...
2025-05-07 18:03:08,735 - INFO - Attempting to delete first available chat...
2025-05-07 18:03:13,920 - ERROR - Could not find or click Delete Chat option
2025-05-07 18:03:13,926 - WARNING - Failed attempt 2. Retrying...
2025-05-07 18:03:14,927 - INFO - Attempting to delete first available chat...
2025-05-07 18:03:20,031 - ERROR - Could not find or click Delete Chat option
2025-05-07 18:03:20,039 - WARNING - Failed attempt 3. Retrying...
2025-05-07 18:03:21,040 - INFO - Three consecutive failures. Refreshing page...
2025-05-07 18:03:24,195 - INFO - Waiting for chat list to load...
2025-05-07 18:03:24,354 - INFO - Attempting to delete first available chat...
2025-05-07 18:03:29,501 - ERROR - Could not find or click Delete Chat option
2025-05-07 18:03:29,620 - WARNING - Failed attempt 4. Retrying...
2025-05-07 18:03:30,621 - INFO - Attempting to delete first available chat...
2025-05-07 18:03:35,745 - ERROR - Could not find or click Delete Chat option
2025-05-07 18:03:35,755 - WARNING - Failed attempt 5. Retrying...
2025-05-07 18:03:36,756 - INFO - Attempting to delete first available chat...
2025-05-07 18:03:41,871 - ERROR - Could not find or click Delete Chat option
2025-05-07 18:03:41,877 - WARNING - Failed attempt 6. Retrying...
2025-05-07 18:03:48,108 - WARNING - Retrying (Retry(total=2, connect=None, read=None, redirect=None, status=None)) after connection broken by 'NewConnectionError('<urllib3.connection.HTTPConnection object at 0x000001F399592510>: Failed to establish a new connection: [WinError 10061] No connection could be made because the target machine actively refused it')': /session/27e80bbedb0c6b34018a22b04b4338bd
