2025-05-07 17:56:45,294 - INFO - 🌐 Navigated to Facebook Messenger
2025-05-07 17:56:45,295 - INFO - 📱 Please log in manually...
2025-05-07 17:56:45,295 - INFO - Waiting for chat list to load...
2025-05-07 17:57:18,640 - INFO - 🔍 Chat list loaded. Starting deletion process...
2025-05-07 17:57:18,641 - INFO - Attempting to delete first available chat...
2025-05-07 17:57:23,984 - ERROR - Could not find or click Delete Chat option
2025-05-07 17:57:23,992 - WARNING - Failed attempt 1. Retrying...
2025-05-07 17:57:24,993 - INFO - Attempting to delete first available chat...
2025-05-07 17:57:30,188 - ERROR - Could not find or click Delete Chat option
2025-05-07 17:57:30,207 - WARNING - Failed attempt 2. Retrying...
2025-05-07 17:57:31,207 - INFO - Attempting to delete first available chat...
2025-05-07 17:57:34,331 - INFO - Attempting to confirm deletion...
2025-05-07 17:57:34,342 - INFO - Trying Tab + Enter approach...
2025-05-07 17:57:36,481 - INFO - Successfully deleted with Tab + Enter
2025-05-07 17:57:36,482 - INFO - ✅ Successfully deleted a chat
2025-05-07 17:57:36,482 - INFO - Deleted 1 chats so far
2025-05-07 17:57:38,483 - INFO - Attempting to delete first available chat...
2025-05-07 17:57:43,609 - ERROR - Could not find or click Delete Chat option
2025-05-07 17:57:43,615 - WARNING - Failed attempt 4. Retrying...
2025-05-07 17:57:44,616 - INFO - Attempting to delete first available chat...
2025-05-07 17:57:49,736 - ERROR - Could not find or click Delete Chat option
2025-05-07 17:57:49,740 - WARNING - Failed attempt 5. Retrying...
2025-05-07 17:57:50,741 - INFO - Attempting to delete first available chat...
2025-05-07 17:57:55,851 - ERROR - Could not find or click Delete Chat option
2025-05-07 17:57:55,858 - WARNING - Failed attempt 6. Retrying...
2025-05-07 17:57:56,859 - INFO - Three consecutive failures. Refreshing page...
2025-05-07 17:57:59,307 - INFO - Waiting for chat list to load...
2025-05-07 17:57:59,873 - INFO - Attempting to delete first available chat...
2025-05-07 17:58:04,995 - ERROR - Could not find or click Delete Chat option
2025-05-07 17:58:05,001 - WARNING - Failed attempt 7. Retrying...
2025-05-07 17:58:06,001 - INFO - Attempting to delete first available chat...
2025-05-07 17:58:11,140 - ERROR - Could not find or click Delete Chat option
2025-05-07 17:58:11,148 - WARNING - Failed attempt 8. Retrying...
2025-05-07 17:58:12,148 - INFO - Attempting to delete first available chat...
2025-05-07 17:58:17,261 - ERROR - Could not find or click Delete Chat option
2025-05-07 17:58:17,267 - WARNING - Failed attempt 9. Retrying...
2025-05-07 17:58:18,268 - INFO - Three consecutive failures. Refreshing page...
2025-05-07 17:58:21,275 - INFO - Waiting for chat list to load...
2025-05-07 17:58:21,818 - INFO - Attempting to delete first available chat...
2025-05-07 17:58:26,959 - ERROR - Could not find or click Delete Chat option
2025-05-07 17:58:26,967 - WARNING - Failed attempt 10. Retrying...
2025-05-07 17:58:27,967 - INFO - Attempting to delete first available chat...
2025-05-07 17:58:33,078 - ERROR - Could not find or click Delete Chat option
2025-05-07 17:58:33,084 - WARNING - Failed attempt 11. Retrying...
2025-05-07 17:58:34,085 - INFO - Attempting to delete first available chat...
2025-05-07 17:58:37,731 - INFO - Attempting to confirm deletion...
2025-05-07 17:58:37,743 - INFO - Trying Tab + Enter approach...
2025-05-07 17:58:39,913 - INFO - Successfully deleted with Tab + Enter
2025-05-07 17:58:39,914 - INFO - ✅ Successfully deleted a chat
2025-05-07 17:58:39,914 - INFO - Deleted 2 chats so far
2025-05-07 17:58:41,915 - INFO - Attempting to delete first available chat...
2025-05-07 17:58:45,022 - INFO - Attempting to confirm deletion...
2025-05-07 17:58:45,029 - INFO - Trying Tab + Enter approach...
2025-05-07 17:58:47,165 - INFO - Successfully deleted with Tab + Enter
2025-05-07 17:58:47,165 - INFO - ✅ Successfully deleted a chat
2025-05-07 17:58:47,165 - INFO - Deleted 3 chats so far
2025-05-07 17:58:49,166 - INFO - Attempting to delete first available chat...
2025-05-07 17:58:51,359 - ERROR - Could not find or click Delete Chat option
2025-05-07 17:58:51,367 - WARNING - Failed attempt 14. Retrying...
2025-05-07 17:58:52,368 - INFO - Attempting to delete first available chat...
2025-05-07 17:58:56,489 - INFO - Attempting to confirm deletion...
2025-05-07 17:58:56,497 - INFO - Trying Tab + Enter approach...
2025-05-07 17:58:58,668 - INFO - Successfully deleted with Tab + Enter
2025-05-07 17:58:58,668 - INFO - ✅ Successfully deleted a chat
2025-05-07 17:58:58,669 - INFO - Deleted 4 chats so far
2025-05-07 17:59:00,669 - INFO - Attempting to delete first available chat...
2025-05-07 17:59:05,783 - ERROR - Could not find or click Delete Chat option
2025-05-07 17:59:05,790 - WARNING - Failed attempt 16. Retrying...
2025-05-07 17:59:06,790 - INFO - Attempting to delete first available chat...
2025-05-07 17:59:11,939 - ERROR - Could not find or click Delete Chat option
2025-05-07 17:59:11,950 - WARNING - Failed attempt 17. Retrying...
2025-05-07 17:59:12,950 - INFO - Attempting to delete first available chat...
2025-05-07 17:59:18,061 - ERROR - Could not find or click Delete Chat option
2025-05-07 17:59:18,068 - WARNING - Failed attempt 18. Retrying...
2025-05-07 17:59:19,069 - INFO - Three consecutive failures. Refreshing page...
2025-05-07 17:59:22,069 - INFO - Waiting for chat list to load...
2025-05-07 17:59:22,133 - INFO - Attempting to delete first available chat...
2025-05-07 17:59:27,301 - ERROR - Could not find or click Delete Chat option
2025-05-07 17:59:27,303 - ERROR - ❌ Error: Message: invalid session id: session deleted as the browser has closed the connection
from disconnected: not connected to DevTools
  (Session info: chrome=135.0.7049.117)
Stacktrace:
	GetHandleVerifier [0x00007FF6C1ADEFA5+77893]
	GetHandleVerifier [0x00007FF6C1ADF000+77984]
	(No symbol) [0x00007FF6C18A91BA]
	(No symbol) [0x00007FF6C1894F15]
	(No symbol) [0x00007FF6C18B9F04]
	(No symbol) [0x00007FF6C192EACF]
	(No symbol) [0x00007FF6C194E972]
	(No symbol) [0x00007FF6C1926F03]
	(No symbol) [0x00007FF6C18F0328]
	(No symbol) [0x00007FF6C18F1093]
	GetHandleVerifier [0x00007FF6C1D97B6D+2931725]
	GetHandleVerifier [0x00007FF6C1D92132+2908626]
	GetHandleVerifier [0x00007FF6C1DB00F3+3031443]
	GetHandleVerifier [0x00007FF6C1AF91EA+184970]
	GetHandleVerifier [0x00007FF6C1B0086F+215311]
	GetHandleVerifier [0x00007FF6C1AE6EC4+110436]
	GetHandleVerifier [0x00007FF6C1AE7072+110866]
	GetHandleVerifier [0x00007FF6C1ACD479+5401]
	BaseThreadInitThunk [0x00007FFFF8D5E8D7+23]
	RtlUserThreadStart [0x00007FFFFAC314FC+44]

2025-05-07 17:59:27,304 - ERROR - ❌ Fatal error: Message: invalid session id
Stacktrace:
	GetHandleVerifier [0x00007FF6C1ADEFA5+77893]
	GetHandleVerifier [0x00007FF6C1ADF000+77984]
	(No symbol) [0x00007FF6C18A8FEC]
	(No symbol) [0x00007FF6C18EF44F]
	(No symbol) [0x00007FF6C1926FF2]
	(No symbol) [0x00007FF6C1921A02]
	(No symbol) [0x00007FF6C1920AC9]
	(No symbol) [0x00007FF6C1875AB5]
	GetHandleVerifier [0x00007FF6C1D97B6D+2931725]
	GetHandleVerifier [0x00007FF6C1D92132+2908626]
	GetHandleVerifier [0x00007FF6C1DB00F3+3031443]
	GetHandleVerifier [0x00007FF6C1AF91EA+184970]
	GetHandleVerifier [0x00007FF6C1B0086F+215311]
	(No symbol) [0x00007FF6C1874B2C]
	GetHandleVerifier [0x00007FF6C1EA2518+4023736]
	BaseThreadInitThunk [0x00007FFFF8D5E8D7+23]
	RtlUserThreadStart [0x00007FFFFAC314FC+44]

